[0304/231451.450:ERROR:process_memory_win.cc(73)] ReadMemory at 0x2751ee60000 of 64 bytes failed: Only part of a ReadProcessMemory or WriteProcessMemory request was completed. (0x12B)
[0304/231451.852:WARNING:pe_image_reader.cc(302)] could not read dos header from C:\WINDOWS\System32\IMM32.DLL
[0304/231452.434:ERROR:process_memory_win.cc(73)] ReadMemory at 0x2751ee53a80 of 72 bytes failed: Only part of a ReadProcessMemory or WriteProcessMemory request was completed. (0x12B)
[0304/231452.434:WARNING:pe_image_annotations_reader.cc(133)] could not read annotations list object in C:\Program Files (x86)\Google\Chrome\Application\72.0.3626.119\chrome_elf.dll
[0304/231452.434:ERROR:process_memory_win.cc(73)] ReadMemory at 0x2751ee60000 of 64 bytes failed: Only part of a ReadProcessMemory or WriteProcessMemory request was completed. (0x12B)
[0304/231452.449:WARNING:pe_image_reader.cc(302)] could not read dos header from C:\WINDOWS\System32\IMM32.DLL
[0304/231452.449:ERROR:process_memory_win.cc(73)] ReadMemory at 0x2751f1c1570 of 72 bytes failed: Only part of a ReadProcessMemory or WriteProcessMemory request was completed. (0x12B)
[0304/231452.449:WARNING:pe_image_annotations_reader.cc(133)] could not read annotations list object in C:\Program Files (x86)\Google\Chrome\Application\72.0.3626.119\chrome_child.dll
[0304/231452.546:ERROR:process_memory_win.cc(73)] ReadMemory at 0x7cc75e8000 of 98304 bytes failed: Only part of a ReadProcessMemory or WriteProcessMemory request was completed. (0x12B)
[0304/231452.547:ERROR:process_memory_win.cc(73)] ReadMemory at 0x7cc79fe000 of 8192 bytes failed: Only part of a ReadProcessMemory or WriteProcessMemory request was completed. (0x12B)
[0304/231452.547:ERROR:process_memory_win.cc(73)] ReadMemory at 0x7cc7dfb000 of 20480 bytes failed: Only part of a ReadProcessMemory or WriteProcessMemory request was completed. (0x12B)
[0304/231452.547:ERROR:process_memory_win.cc(73)] ReadMemory at 0x7cc7ffe000 of 8192 bytes failed: Only part of a ReadProcessMemory or WriteProcessMemory request was completed. (0x12B)
[0304/231452.547:ERROR:process_memory_win.cc(73)] ReadMemory at 0x7cc81fe000 of 8192 bytes failed: Only part of a ReadProcessMemory or WriteProcessMemory request was completed. (0x12B)
[0304/231452.547:ERROR:process_memory_win.cc(73)] ReadMemory at 0x7cc83fc000 of 16384 bytes failed: Only part of a ReadProcessMemory or WriteProcessMemory request was completed. (0x12B)
[0304/231452.548:ERROR:process_memory_win.cc(73)] ReadMemory at 0x7cc85fe000 of 8192 bytes failed: Only part of a ReadProcessMemory or WriteProcessMemory request was completed. (0x12B)
[0304/231452.548:ERROR:process_memory_win.cc(73)] ReadMemory at 0x7cc87fe000 of 8192 bytes failed: Only part of a ReadProcessMemory or WriteProcessMemory request was completed. (0x12B)
[0304/231452.548:ERROR:process_memory_win.cc(73)] ReadMemory at 0x7cc89fc000 of 16384 bytes failed: Only part of a ReadProcessMemory or WriteProcessMemory request was completed. (0x12B)
[0304/231452.548:ERROR:process_memory_win.cc(73)] ReadMemory at 0x7cc8be8000 of 98304 bytes failed: Only part of a ReadProcessMemory or WriteProcessMemory request was completed. (0x12B)
[0304/231452.548:ERROR:process_memory_win.cc(73)] ReadMemory at 0x7cc8de8000 of 98304 bytes failed: Only part of a ReadProcessMemory or WriteProcessMemory request was completed. (0x12B)
[0304/231452.548:ERROR:process_memory_win.cc(73)] ReadMemory at 0x7cc8ffd000 of 12288 bytes failed: Only part of a ReadProcessMemory or WriteProcessMemory request was completed. (0x12B)
[0304/231452.548:ERROR:process_memory_win.cc(73)] ReadMemory at 0x7cc95fe000 of 8192 bytes failed: Only part of a ReadProcessMemory or WriteProcessMemory request was completed. (0x12B)
[0304/231452.549:ERROR:process_memory_win.cc(73)] ReadMemory at 0x7cc93ee000 of 73728 bytes failed: Only part of a ReadProcessMemory or WriteProcessMemory request was completed. (0x12B)
[0304/231452.603:ERROR:process_memory_win.cc(73)] ReadMemory at 0x7cc77fd000 of 12288 bytes failed: Only part of a ReadProcessMemory or WriteProcessMemory request was completed. (0x12B)
[0304/231452.603:ERROR:process_memory_win.cc(73)] ReadMemory at 0x7cc7bfe000 of 8192 bytes failed: Only part of a ReadProcessMemory or WriteProcessMemory request was completed. (0x12B)
[0304/231452.604:ERROR:process_memory_win.cc(73)] ReadMemory at 0x7cc91fd000 of 12288 bytes failed: Only part of a ReadProcessMemory or WriteProcessMemory request was completed. (0x12B)
[0304/231452.604:ERROR:process_memory_win.cc(73)] ReadMemory at 0x7cc97ff000 of 4096 bytes failed: Only part of a ReadProcessMemory or WriteProcessMemory request was completed. (0x12B)
[0304/231452.604:ERROR:process_memory_win.cc(73)] ReadMemory at 0x7cc722a000 of 6024 bytes failed: Only part of a ReadProcessMemory or WriteProcessMemory request was completed. (0x12B)
[0304/231452.659:ERROR:process_memory_win.cc(73)] ReadMemory at 0x7cc7276000 of 6024 bytes failed: Only part of a ReadProcessMemory or WriteProcessMemory request was completed. (0x12B)
[0304/231452.659:ERROR:process_memory_win.cc(73)] ReadMemory at 0x7cc7278000 of 6024 bytes failed: Only part of a ReadProcessMemory or WriteProcessMemory request was completed. (0x12B)
[0304/231452.660:ERROR:process_memory_win.cc(73)] ReadMemory at 0x7cc727a000 of 6024 bytes failed: Only part of a ReadProcessMemory or WriteProcessMemory request was completed. (0x12B)
[0304/231452.660:ERROR:process_memory_win.cc(73)] ReadMemory at 0x7cc72c6000 of 852 bytes failed: Only part of a ReadProcessMemory or WriteProcessMemory request was completed. (0x12B)
[0304/231452.660:ERROR:process_memory_win.cc(73)] ReadMemory at 0x7cc72c7000 of 6024 bytes failed: Only part of a ReadProcessMemory or WriteProcessMemory request was completed. (0x12B)
[0304/231452.661:ERROR:process_memory_win.cc(73)] ReadMemory at 0x7cc72cb000 of 6024 bytes failed: Only part of a ReadProcessMemory or WriteProcessMemory request was completed. (0x12B)
[0304/231452.661:ERROR:process_memory_win.cc(73)] ReadMemory at 0x7cc72cf000 of 6024 bytes failed: Only part of a ReadProcessMemory or WriteProcessMemory request was completed. (0x12B)
[0304/231452.661:ERROR:process_memory_win.cc(73)] ReadMemory at 0x7cc72d1000 of 6024 bytes failed: Only part of a ReadProcessMemory or WriteProcessMemory request was completed. (0x12B)
[0304/231452.662:ERROR:process_memory_win.cc(73)] ReadMemory at 0x7cc72d3000 of 6024 bytes failed: Only part of a ReadProcessMemory or WriteProcessMemory request was completed. (0x12B)
[0304/231452.662:ERROR:process_memory_win.cc(73)] ReadMemory at 0x7cc72d5000 of 6024 bytes failed: Only part of a ReadProcessMemory or WriteProcessMemory request was completed. (0x12B)
[0304/231452.662:ERROR:process_memory_win.cc(73)] ReadMemory at 0x7cc72d7000 of 6024 bytes failed: Only part of a ReadProcessMemory or WriteProcessMemory request was completed. (0x12B)
[0304/231452.663:ERROR:process_memory_win.cc(73)] ReadMemory at 0x7cc72d9000 of 6024 bytes failed: Only part of a ReadProcessMemory or WriteProcessMemory request was completed. (0x12B)
[0304/231452.663:ERROR:process_memory_win.cc(73)] ReadMemory at 0x7cc72db000 of 6024 bytes failed: Only part of a ReadProcessMemory or WriteProcessMemory request was completed. (0x12B)
[0304/231452.663:ERROR:process_memory_win.cc(73)] ReadMemory at 0x7cc72dd000 of 6024 bytes failed: Only part of a ReadProcessMemory or WriteProcessMemory request was completed. (0x12B)
[0304/231452.664:ERROR:process_memory_win.cc(73)] ReadMemory at 0x7cc72df000 of 6024 bytes failed: Only part of a ReadProcessMemory or WriteProcessMemory request was completed. (0x12B)
[0304/231452.664:ERROR:process_memory_win.cc(73)] ReadMemory at 0x7cc72e1000 of 6024 bytes failed: Only part of a ReadProcessMemory or WriteProcessMemory request was completed. (0x12B)
[0304/231452.664:ERROR:process_memory_win.cc(73)] ReadMemory at 0x7cc72e9000 of 6024 bytes failed: Only part of a ReadProcessMemory or WriteProcessMemory request was completed. (0x12B)
[0304/231452.664:ERROR:process_memory_win.cc(73)] ReadMemory at 0x7cc7321000 of 6024 bytes failed: Only part of a ReadProcessMemory or WriteProcessMemory request was completed. (0x12B)
[0304/231452.665:ERROR:process_memory_win.cc(73)] ReadMemory at 0x2751ed10fc0 of 6652 bytes failed: Only part of a ReadProcessMemory or WriteProcessMemory request was completed. (0x12B)
[0304/231452.665:ERROR:process_memory_win.cc(73)] ReadMemory at 0x2751ed129d0 of 1012 bytes failed: Only part of a ReadProcessMemory or WriteProcessMemory request was completed. (0x12B)
[0304/231452.665:ERROR:process_memory_win.cc(73)] ReadMemory at 0x2751ed12fe8 of 118 bytes failed: Only part of a ReadProcessMemory or WriteProcessMemory request was completed. (0x12B)
[0304/231452.666:ERROR:process_memory_win.cc(73)] ReadMemory at 0x2751ed13060 of 1044 bytes failed: Only part of a ReadProcessMemory or WriteProcessMemory request was completed. (0x12B)
[0304/231452.666:ERROR:process_memory_win.cc(73)] ReadMemory at 0x2751ed13476 of 118 bytes failed: Only part of a ReadProcessMemory or WriteProcessMemory request was completed. (0x12B)
[0304/231452.666:ERROR:process_memory_win.cc(73)] ReadMemory at 0x2751ed134ee of 96 bytes failed: Only part of a ReadProcessMemory or WriteProcessMemory request was completed. (0x12B)
[0304/231452.666:ERROR:process_memory_win.cc(73)] ReadMemory at 0x2751ed13560 of 58 bytes failed: Only part of a ReadProcessMemory or WriteProcessMemory request was completed. (0x12B)
[0304/231452.667:ERROR:process_memory_win.cc(73)] ReadMemory at 0x2751ed13660 of 132 bytes failed: Only part of a ReadProcessMemory or WriteProcessMemory request was completed. (0x12B)
[0304/231452.667:ERROR:process_memory_win.cc(73)] ReadMemory at 0x2751ed137f0 of 132 bytes failed: Only part of a ReadProcessMemory or WriteProcessMemory request was completed. (0x12B)
[0304/231452.667:ERROR:process_memory_win.cc(73)] ReadMemory at 0x2751ed139b0 of 126 bytes failed: Only part of a ReadProcessMemory or WriteProcessMemory request was completed. (0x12B)
[0304/231452.667:ERROR:process_memory_win.cc(73)] ReadMemory at 0x2751ed13d90 of 132 bytes failed: Only part of a ReadProcessMemory or WriteProcessMemory request was completed. (0x12B)
[0304/231452.667:ERROR:process_memory_win.cc(73)] ReadMemory at 0x2751ed13f20 of 64 bytes failed: Only part of a ReadProcessMemory or WriteProcessMemory request was completed. (0x12B)
[0304/231452.668:ERROR:process_memory_win.cc(73)] ReadMemory at 0x2751ed14080 of 132 bytes failed: Only part of a ReadProcessMemory or WriteProcessMemory request was completed. (0x12B)
[0304/231452.668:ERROR:process_memory_win.cc(73)] ReadMemory at 0x2751ed14280 of 62 bytes failed: Only part of a ReadProcessMemory or WriteProcessMemory request was completed. (0x12B)
[0304/231452.694:ERROR:process_memory_win.cc(73)] ReadMemory at 0x2751ed14370 of 132 bytes failed: Only part of a ReadProcessMemory or WriteProcessMemory request was completed. (0x12B)
[0304/231452.694:ERROR:process_memory_win.cc(73)] ReadMemory at 0x2751ed14500 of 68 bytes failed: Only part of a ReadProcessMemory or WriteProcessMemory request was completed. (0x12B)
[0304/231452.694:ERROR:process_memory_win.cc(73)] ReadMemory at 0x2751ed1a980 of 132 bytes failed: Only part of a ReadProcessMemory or WriteProcessMemory request was completed. (0x12B)
[0304/231452.695:ERROR:process_memory_win.cc(73)] ReadMemory at 0x2751ed1abc0 of 132 bytes failed: Only part of a ReadProcessMemory or WriteProcessMemory request was completed. (0x12B)
[0304/231452.695:ERROR:process_memory_win.cc(73)] ReadMemory at 0x2751ed1ad50 of 62 bytes failed: Only part of a ReadProcessMemory or WriteProcessMemory request was completed. (0x12B)
[0304/231452.695:ERROR:process_memory_win.cc(73)] ReadMemory at 0x2751ed1c4d0 of 132 bytes failed: Only part of a ReadProcessMemory or WriteProcessMemory request was completed. (0x12B)
[0304/231452.695:ERROR:process_memory_win.cc(73)] ReadMemory at 0x2751ed1c660 of 60 bytes failed: Only part of a ReadProcessMemory or WriteProcessMemory request was completed. (0x12B)
[0304/231452.696:ERROR:process_memory_win.cc(73)] ReadMemory at 0x2751ed1c8b0 of 132 bytes failed: Only part of a ReadProcessMemory or WriteProcessMemory request was completed. (0x12B)
[0304/231452.696:ERROR:process_memory_win.cc(73)] ReadMemory at 0x2751ed1ca40 of 64 bytes failed: Only part of a ReadProcessMemory or WriteProcessMemory request was completed. (0x12B)
[0304/231452.696:ERROR:process_memory_win.cc(73)] ReadMemory at 0x2751ed1ccc0 of 132 bytes failed: Only part of a ReadProcessMemory or WriteProcessMemory request was completed. (0x12B)
[0304/231452.696:ERROR:process_memory_win.cc(73)] ReadMemory at 0x2751ed1ce50 of 64 bytes failed: Only part of a ReadProcessMemory or WriteProcessMemory request was completed. (0x12B)
[0304/231452.793:ERROR:process_memory_win.cc(73)] ReadMemory at 0x2751ed1d0b0 of 132 bytes failed: Only part of a ReadProcessMemory or WriteProcessMemory request was completed. (0x12B)
[0304/231452.793:ERROR:process_memory_win.cc(73)] ReadMemory at 0x2751ed1d240 of 60 bytes failed: Only part of a ReadProcessMemory or WriteProcessMemory request was completed. (0x12B)
[0304/231452.794:ERROR:process_memory_win.cc(73)] ReadMemory at 0x2751ed1d560 of 132 bytes failed: Only part of a ReadProcessMemory or WriteProcessMemory request was completed. (0x12B)
[0304/231452.794:ERROR:process_memory_win.cc(73)] ReadMemory at 0x2751ed1d6f0 of 60 bytes failed: Only part of a ReadProcessMemory or WriteProcessMemory request was completed. (0x12B)
[0304/231452.794:ERROR:process_memory_win.cc(73)] ReadMemory at 0x2751ed1d930 of 132 bytes failed: Only part of a ReadProcessMemory or WriteProcessMemory request was completed. (0x12B)
[0304/231452.795:ERROR:process_memory_win.cc(73)] ReadMemory at 0x2751ed1dac0 of 62 bytes failed: Only part of a ReadProcessMemory or WriteProcessMemory request was completed. (0x12B)
[0304/231452.795:ERROR:process_memory_win.cc(73)] ReadMemory at 0x2751ed1e610 of 132 bytes failed: Only part of a ReadProcessMemory or WriteProcessMemory request was completed. (0x12B)
[0304/231452.795:ERROR:process_memory_win.cc(73)] ReadMemory at 0x2751ed1e850 of 80 bytes failed: Only part of a ReadProcessMemory or WriteProcessMemory request was completed. (0x12B)
[0304/231452.795:ERROR:process_memory_win.cc(73)] ReadMemory at 0x2751ed1ea30 of 78 bytes failed: Only part of a ReadProcessMemory or WriteProcessMemory request was completed. (0x12B)
[0304/231452.796:ERROR:process_memory_win.cc(73)] ReadMemory at 0x2751ed1ee50 of 76 bytes failed: Only part of a ReadProcessMemory or WriteProcessMemory request was completed. (0x12B)
[0304/231452.804:ERROR:process_memory_win.cc(73)] ReadMemory at 0x2751ed1f0f0 of 132 bytes failed: Only part of a ReadProcessMemory or WriteProcessMemory request was completed. (0x12B)
[0304/231452.805:ERROR:process_memory_win.cc(73)] ReadMemory at 0x2751ed1f5d0 of 132 bytes failed: Only part of a ReadProcessMemory or WriteProcessMemory request was completed. (0x12B)
[0304/231452.805:ERROR:process_memory_win.cc(73)] ReadMemory at 0x2751ed1f700 of 64 bytes failed: Only part of a ReadProcessMemory or WriteProcessMemory request was completed. (0x12B)
[0304/231452.805:ERROR:process_memory_win.cc(73)] ReadMemory at 0x2751ed20870 of 132 bytes failed: Only part of a ReadProcessMemory or WriteProcessMemory request was completed. (0x12B)
[0304/231452.806:ERROR:process_memory_win.cc(73)] ReadMemory at 0x2751ed209f0 of 62 bytes failed: Only part of a ReadProcessMemory or WriteProcessMemory request was completed. (0x12B)
[0304/231452.806:ERROR:process_memory_win.cc(73)] ReadMemory at 0x2751ed20a40 of 58 bytes failed: Only part of a ReadProcessMemory or WriteProcessMemory request was completed. (0x12B)
[0304/231452.806:ERROR:process_memory_win.cc(73)] ReadMemory at 0x2751ed20b30 of 60 bytes failed: Only part of a ReadProcessMemory or WriteProcessMemory request was completed. (0x12B)
[0304/231452.807:ERROR:process_memory_win.cc(73)] ReadMemory at 0x2751ed20c20 of 62 bytes failed: Only part of a ReadProcessMemory or WriteProcessMemory request was completed. (0x12B)
[0304/231452.807:ERROR:process_memory_win.cc(73)] ReadMemory at 0x2751ed20cc0 of 66 bytes failed: Only part of a ReadProcessMemory or WriteProcessMemory request was completed. (0x12B)
[0304/231452.807:ERROR:process_memory_win.cc(73)] ReadMemory at 0x2751ed20db0 of 60 bytes failed: Only part of a ReadProcessMemory or WriteProcessMemory request was completed. (0x12B)
[0304/231452.808:ERROR:process_memory_win.cc(73)] ReadMemory at 0x2751ed20e50 of 64 bytes failed: Only part of a ReadProcessMemory or WriteProcessMemory request was completed. (0x12B)
[0304/231452.808:ERROR:process_memory_win.cc(73)] ReadMemory at 0x2751ed20ef0 of 62 bytes failed: Only part of a ReadProcessMemory or WriteProcessMemory request was completed. (0x12B)
[0304/231452.808:ERROR:process_memory_win.cc(73)] ReadMemory at 0x2751ed20f40 of 60 bytes failed: Only part of a ReadProcessMemory or WriteProcessMemory request was completed. (0x12B)
[0304/231452.809:ERROR:process_memory_win.cc(73)] ReadMemory at 0x2751ed20f90 of 66 bytes failed: Only part of a ReadProcessMemory or WriteProcessMemory request was completed. (0x12B)
[0304/231452.809:ERROR:process_memory_win.cc(73)] ReadMemory at 0x2751ed21030 of 62 bytes failed: Only part of a ReadProcessMemory or WriteProcessMemory request was completed. (0x12B)
[0304/231452.809:ERROR:process_memory_win.cc(73)] ReadMemory at 0x2751ed21080 of 58 bytes failed: Only part of a ReadProcessMemory or WriteProcessMemory request was completed. (0x12B)
[0304/231452.810:ERROR:process_memory_win.cc(73)] ReadMemory at 0x2751ed210d0 of 62 bytes failed: Only part of a ReadProcessMemory or WriteProcessMemory request was completed. (0x12B)
[0304/231452.810:ERROR:process_memory_win.cc(73)] ReadMemory at 0x2751ed21120 of 58 bytes failed: Only part of a ReadProcessMemory or WriteProcessMemory request was completed. (0x12B)
[0304/231452.906:ERROR:process_memory_win.cc(73)] ReadMemory at 0x2751ed211b0 of 158 bytes failed: Only part of a ReadProcessMemory or WriteProcessMemory request was completed. (0x12B)
[0304/231453.055:ERROR:process_memory_win.cc(73)] ReadMemory at 0x2751ed212d0 of 132 bytes failed: Only part of a ReadProcessMemory or WriteProcessMemory request was completed. (0x12B)
[0304/231453.055:ERROR:process_memory_win.cc(73)] ReadMemory at 0x2751ed21400 of 132 bytes failed: Only part of a ReadProcessMemory or WriteProcessMemory request was completed. (0x12B)
[0304/231453.056:ERROR:process_memory_win.cc(73)] ReadMemory at 0x2751ed21530 of 132 bytes failed: Only part of a ReadProcessMemory or WriteProcessMemory request was completed. (0x12B)
[0304/231453.056:ERROR:process_memory_win.cc(73)] ReadMemory at 0x2751ed21660 of 132 bytes failed: Only part of a ReadProcessMemory or WriteProcessMemory request was completed. (0x12B)
[0304/231453.056:ERROR:process_memory_win.cc(73)] ReadMemory at 0x2751ed21790 of 132 bytes failed: Only part of a ReadProcessMemory or WriteProcessMemory request was completed. (0x12B)
[0304/231453.056:ERROR:process_memory_win.cc(73)] ReadMemory at 0x2751ed218c0 of 132 bytes failed: Only part of a ReadProcessMemory or WriteProcessMemory request was completed. (0x12B)
[0304/231453.056:ERROR:process_memory_win.cc(73)] ReadMemory at 0x2751ed219f0 of 132 bytes failed: Only part of a ReadProcessMemory or WriteProcessMemory request was completed. (0x12B)
[0304/231453.057:ERROR:process_memory_win.cc(73)] ReadMemory at 0x2751ed21b20 of 132 bytes failed: Only part of a ReadProcessMemory or WriteProcessMemory request was completed. (0x12B)
[0304/231453.057:ERROR:process_memory_win.cc(73)] ReadMemory at 0x2751ed21c50 of 132 bytes failed: Only part of a ReadProcessMemory or WriteProcessMemory request was completed. (0x12B)
[0304/231453.057:ERROR:process_memory_win.cc(73)] ReadMemory at 0x2751ed21d80 of 132 bytes failed: Only part of a ReadProcessMemory or WriteProcessMemory request was completed. (0x12B)
[0304/231453.057:ERROR:process_memory_win.cc(73)] ReadMemory at 0x2751ed21eb0 of 132 bytes failed: Only part of a ReadProcessMemory or WriteProcessMemory request was completed. (0x12B)
[0304/231453.058:ERROR:process_memory_win.cc(73)] ReadMemory at 0x2751ed21fe0 of 132 bytes failed: Only part of a ReadProcessMemory or WriteProcessMemory request was completed. (0x12B)
[0304/231453.058:ERROR:process_memory_win.cc(73)] ReadMemory at 0x2751ed22110 of 132 bytes failed: Only part of a ReadProcessMemory or WriteProcessMemory request was completed. (0x12B)
[0304/231453.058:ERROR:process_memory_win.cc(73)] ReadMemory at 0x2751ed23d20 of 132 bytes failed: Only part of a ReadProcessMemory or WriteProcessMemory request was completed. (0x12B)
[0304/231453.058:ERROR:process_memory_win.cc(73)] ReadMemory at 0x2751ed23e50 of 132 bytes failed: Only part of a ReadProcessMemory or WriteProcessMemory request was completed. (0x12B)
[0304/231453.058:ERROR:process_memory_win.cc(73)] ReadMemory at 0x2751ed23f80 of 132 bytes failed: Only part of a ReadProcessMemory or WriteProcessMemory request was completed. (0x12B)
[0304/231453.059:ERROR:process_memory_win.cc(73)] ReadMemory at 0x2751ed240b0 of 132 bytes failed: Only part of a ReadProcessMemory or WriteProcessMemory request was completed. (0x12B)
[0304/231453.059:ERROR:process_memory_win.cc(73)] ReadMemory at 0x2751ed241e0 of 132 bytes failed: Only part of a ReadProcessMemory or WriteProcessMemory request was completed. (0x12B)
[0304/231453.082:ERROR:process_memory_win.cc(73)] ReadMemory at 0x2751ed24440 of 132 bytes failed: Only part of a ReadProcessMemory or WriteProcessMemory request was completed. (0x12B)
[0304/231453.082:ERROR:process_memory_win.cc(73)] ReadMemory at 0x2751ed24570 of 132 bytes failed: Only part of a ReadProcessMemory or WriteProcessMemory request was completed. (0x12B)
[0304/231453.083:ERROR:process_memory_win.cc(73)] ReadMemory at 0x2751ed246a0 of 132 bytes failed: Only part of a ReadProcessMemory or WriteProcessMemory request was completed. (0x12B)
[0304/231453.083:ERROR:process_memory_win.cc(73)] ReadMemory at 0x2751ed247d0 of 132 bytes failed: Only part of a ReadProcessMemory or WriteProcessMemory request was completed. (0x12B)
[0304/231453.083:ERROR:process_memory_win.cc(73)] ReadMemory at 0x2751ed24900 of 132 bytes failed: Only part of a ReadProcessMemory or WriteProcessMemory request was completed. (0x12B)
[0304/231453.083:ERROR:process_memory_win.cc(73)] ReadMemory at 0x2751ed24a30 of 132 bytes failed: Only part of a ReadProcessMemory or WriteProcessMemory request was completed. (0x12B)
[0304/231453.083:ERROR:process_memory_win.cc(73)] ReadMemory at 0x2751ed24b60 of 132 bytes failed: Only part of a ReadProcessMemory or WriteProcessMemory request was completed. (0x12B)
[0304/231453.084:ERROR:process_memory_win.cc(73)] ReadMemory at 0x2751ed24c90 of 132 bytes failed: Only part of a ReadProcessMemory or WriteProcessMemory request was completed. (0x12B)
[0304/231453.084:ERROR:process_memory_win.cc(73)] ReadMemory at 0x2751ed24dc0 of 132 bytes failed: Only part of a ReadProcessMemory or WriteProcessMemory request was completed. (0x12B)
[0304/231453.084:ERROR:process_memory_win.cc(73)] ReadMemory at 0x2751ed24ef0 of 132 bytes failed: Only part of a ReadProcessMemory or WriteProcessMemory request was completed. (0x12B)
[0304/231453.084:ERROR:process_memory_win.cc(73)] ReadMemory at 0x2751ed25020 of 132 bytes failed: Only part of a ReadProcessMemory or WriteProcessMemory request was completed. (0x12B)
[0304/231453.085:ERROR:process_memory_win.cc(73)] ReadMemory at 0x2751ed25150 of 132 bytes failed: Only part of a ReadProcessMemory or WriteProcessMemory request was completed. (0x12B)
[0304/231453.085:ERROR:process_memory_win.cc(73)] ReadMemory at 0x2751ed25280 of 132 bytes failed: Only part of a ReadProcessMemory or WriteProcessMemory request was completed. (0x12B)
[0304/231453.085:ERROR:process_memory_win.cc(73)] ReadMemory at 0x2751ed254e0 of 132 bytes failed: Only part of a ReadProcessMemory or WriteProcessMemory request was completed. (0x12B)
[0304/231453.086:ERROR:process_memory_win.cc(73)] ReadMemory at 0x2751ed25610 of 132 bytes failed: Only part of a ReadProcessMemory or WriteProcessMemory request was completed. (0x12B)
[0304/231453.086:ERROR:process_memory_win.cc(73)] ReadMemory at 0x2751ed25740 of 132 bytes failed: Only part of a ReadProcessMemory or WriteProcessMemory request was completed. (0x12B)
[0304/231453.086:ERROR:process_memory_win.cc(73)] ReadMemory at 0x2751ed25870 of 132 bytes failed: Only part of a ReadProcessMemory or WriteProcessMemory request was completed. (0x12B)
[0304/231453.086:ERROR:process_memory_win.cc(73)] ReadMemory at 0x2751ed259a0 of 132 bytes failed: Only part of a ReadProcessMemory or WriteProcessMemory request was completed. (0x12B)
[0304/231453.087:ERROR:process_memory_win.cc(73)] ReadMemory at 0x2751ed25ad0 of 132 bytes failed: Only part of a ReadProcessMemory or WriteProcessMemory request was completed. (0x12B)
[0304/231453.087:ERROR:process_memory_win.cc(73)] ReadMemory at 0x2751ed26cf0 of 154 bytes failed: Only part of a ReadProcessMemory or WriteProcessMemory request was completed. (0x12B)
[0304/231453.087:ERROR:process_memory_win.cc(73)] ReadMemory at 0x2751ed29e40 of 66 bytes failed: Only part of a ReadProcessMemory or WriteProcessMemory request was completed. (0x12B)
[0304/231453.087:ERROR:process_memory_win.cc(73)] ReadMemory at 0x2751ed29e90 of 60 bytes failed: Only part of a ReadProcessMemory or WriteProcessMemory request was completed. (0x12B)
[0304/231453.087:ERROR:process_memory_win.cc(73)] ReadMemory at 0x2751ed2a020 of 64 bytes failed: Only part of a ReadProcessMemory or WriteProcessMemory request was completed. (0x12B)
[0304/231453.088:ERROR:process_memory_win.cc(73)] ReadMemory at 0x2751ed2a2a0 of 62 bytes failed: Only part of a ReadProcessMemory or WriteProcessMemory request was completed. (0x12B)
[0304/231453.088:ERROR:process_memory_win.cc(73)] ReadMemory at 0x2751ed2a3e0 of 58 bytes failed: Only part of a ReadProcessMemory or WriteProcessMemory request was completed. (0x12B)
[0304/231453.088:ERROR:process_memory_win.cc(73)] ReadMemory at 0x2751ed2a5c0 of 66 bytes failed: Only part of a ReadProcessMemory or WriteProcessMemory request was completed. (0x12B)
[0304/231453.088:ERROR:process_memory_win.cc(73)] ReadMemory at 0x2751ed2a6b0 of 60 bytes failed: Only part of a ReadProcessMemory or WriteProcessMemory request was completed. (0x12B)
[0304/231453.089:ERROR:process_memory_win.cc(73)] ReadMemory at 0x2751ed2a8e0 of 58 bytes failed: Only part of a ReadProcessMemory or WriteProcessMemory request was completed. (0x12B)
[0304/231453.089:ERROR:process_memory_win.cc(73)] ReadMemory at 0x2751ed2a980 of 64 bytes failed: Only part of a ReadProcessMemory or WriteProcessMemory request was completed. (0x12B)
[0304/231453.089:ERROR:process_memory_win.cc(73)] ReadMemory at 0x2751ed2a9d0 of 64 bytes failed: Only part of a ReadProcessMemory or WriteProcessMemory request was completed. (0x12B)
[0304/231453.089:ERROR:process_memory_win.cc(73)] ReadMemory at 0x2751ed2aa70 of 64 bytes failed: Only part of a ReadProcessMemory or WriteProcessMemory request was completed. (0x12B)
[0304/231453.089:ERROR:process_memory_win.cc(73)] ReadMemory at 0x2751ed306b0 of 54 bytes failed: Only part of a ReadProcessMemory or WriteProcessMemory request was completed. (0x12B)
[0304/231453.090:ERROR:process_memory_win.cc(73)] ReadMemory at 0x2751ed386e0 of 246 bytes failed: Only part of a ReadProcessMemory or WriteProcessMemory request was completed. (0x12B)
[0304/231453.090:ERROR:process_memory_win.cc(73)] ReadMemory at 0x2751ed39a00 of 60 bytes failed: Only part of a ReadProcessMemory or WriteProcessMemory request was completed. (0x12B)
[0304/231453.090:ERROR:process_memory_win.cc(73)] ReadMemory at 0x2751ed39a50 of 60 bytes failed: Only part of a ReadProcessMemory or WriteProcessMemory request was completed. (0x12B)
[0304/231453.090:ERROR:process_memory_win.cc(73)] ReadMemory at 0x2751ed39be0 of 62 bytes failed: Only part of a ReadProcessMemory or WriteProcessMemory request was completed. (0x12B)
[0304/231453.091:ERROR:process_memory_win.cc(73)] ReadMemory at 0x2751ed39d20 of 62 bytes failed: Only part of a ReadProcessMemory or WriteProcessMemory request was completed. (0x12B)
[0304/231453.091:ERROR:process_memory_win.cc(73)] ReadMemory at 0x2751ed39e10 of 56 bytes failed: Only part of a ReadProcessMemory or WriteProcessMemory request was completed. (0x12B)
[0304/231453.091:ERROR:process_memory_win.cc(73)] ReadMemory at 0x2751ed39e60 of 60 bytes failed: Only part of a ReadProcessMemory or WriteProcessMemory request was completed. (0x12B)
[0304/231453.091:ERROR:process_memory_win.cc(73)] ReadMemory at 0x2751ed39eb0 of 64 bytes failed: Only part of a ReadProcessMemory or WriteProcessMemory request was completed. (0x12B)
[0304/231453.091:ERROR:process_memory_win.cc(73)] ReadMemory at 0x2751ed3a040 of 62 bytes failed: Only part of a ReadProcessMemory or WriteProcessMemory request was completed. (0x12B)
[0304/231453.092:ERROR:process_memory_win.cc(73)] ReadMemory at 0x2751ed3a0e0 of 62 bytes failed: Only part of a ReadProcessMemory or WriteProcessMemory request was completed. (0x12B)
[0304/231453.092:ERROR:process_memory_win.cc(73)] ReadMemory at 0x2751ed3a130 of 64 bytes failed: Only part of a ReadProcessMemory or WriteProcessMemory request was completed. (0x12B)
[0304/231453.200:ERROR:process_memory_win.cc(73)] ReadMemory at 0x2751ed3a180 of 58 bytes failed: Only part of a ReadProcessMemory or WriteProcessMemory request was completed. (0x12B)
[0304/231453.320:ERROR:process_memory_win.cc(73)] ReadMemory at 0x2751ed3a270 of 60 bytes failed: Only part of a ReadProcessMemory or WriteProcessMemory request was completed. (0x12B)
[0304/231453.665:ERROR:process_memory_win.cc(73)] ReadMemory at 0x2751ed3a2c0 of 64 bytes failed: Only part of a ReadProcessMemory or WriteProcessMemory request was completed. (0x12B)
[0304/231453.665:ERROR:process_memory_win.cc(73)] ReadMemory at 0x2751ed3a360 of 62 bytes failed: Only part of a ReadProcessMemory or WriteProcessMemory request was completed. (0x12B)
[0304/231453.665:ERROR:process_memory_win.cc(73)] ReadMemory at 0x2751ed3a420 of 132 bytes failed: Only part of a ReadProcessMemory or WriteProcessMemory request was completed. (0x12B)
[0304/231453.666:ERROR:process_memory_win.cc(73)] ReadMemory at 0x2751ed3a550 of 132 bytes failed: Only part of a ReadProcessMemory or WriteProcessMemory request was completed. (0x12B)
[0304/231453.666:ERROR:process_memory_win.cc(73)] ReadMemory at 0x2751ed3a680 of 132 bytes failed: Only part of a ReadProcessMemory or WriteProcessMemory request was completed. (0x12B)
[0304/231453.667:ERROR:process_memory_win.cc(73)] ReadMemory at 0x2751ed3a8e0 of 132 bytes failed: Only part of a ReadProcessMemory or WriteProcessMemory request was completed. (0x12B)
[0304/231453.667:ERROR:process_memory_win.cc(73)] ReadMemory at 0x2751ed3b850 of 132 bytes failed: Only part of a ReadProcessMemory or WriteProcessMemory request was completed. (0x12B)
[0304/231453.667:ERROR:process_memory_win.cc(73)] ReadMemory at 0x2751ed3e660 of 512 bytes failed: Only part of a ReadProcessMemory or WriteProcessMemory request was completed. (0x12B)
[0304/231453.668:ERROR:process_memory_win.cc(73)] ReadMemory at 0x2751ed3ecc0 of 512 bytes failed: Only part of a ReadProcessMemory or WriteProcessMemory request was completed. (0x12B)
[0304/231453.668:ERROR:process_memory_win.cc(73)] ReadMemory at 0x2751ed50770 of 512 bytes failed: Only part of a ReadProcessMemory or WriteProcessMemory request was completed. (0x12B)
[0304/231453.668:ERROR:process_memory_win.cc(73)] ReadMemory at 0x2751ed51900 of 512 bytes failed: Only part of a ReadProcessMemory or WriteProcessMemory request was completed. (0x12B)
[0304/231453.668:ERROR:process_memory_win.cc(73)] ReadMemory at 0x2751eef3340 of 512 bytes failed: Only part of a ReadProcessMemory or WriteProcessMemory request was completed. (0x12B)
[0304/231453.668:ERROR:process_memory_win.cc(73)] ReadMemory at 0x2751f1c38e0 of 512 bytes failed: Only part of a ReadProcessMemory or WriteProcessMemory request was completed. (0x12B)
[0304/231453.669:ERROR:process_memory_win.cc(73)] ReadMemory at 0x2751f1f53d0 of 512 bytes failed: Only part of a ReadProcessMemory or WriteProcessMemory request was completed. (0x12B)
[0304/231453.669:ERROR:process_memory_win.cc(73)] ReadMemory at 0x2751f1f61f0 of 512 bytes failed: Only part of a ReadProcessMemory or WriteProcessMemory request was completed. (0x12B)
[0304/231453.669:ERROR:process_memory_win.cc(73)] ReadMemory at 0x2751f1f6970 of 512 bytes failed: Only part of a ReadProcessMemory or WriteProcessMemory request was completed. (0x12B)
[0304/231453.670:ERROR:process_memory_win.cc(73)] ReadMemory at 0x2751f1f6df0 of 512 bytes failed: Only part of a ReadProcessMemory or WriteProcessMemory request was completed. (0x12B)
[0304/231454.085:ERROR:process_memory_win.cc(73)] ReadMemory at 0x2751f1f8190 of 512 bytes failed: Only part of a ReadProcessMemory or WriteProcessMemory request was completed. (0x12B)
[0304/231454.085:ERROR:process_memory_win.cc(73)] ReadMemory at 0x2751f213660 of 696 bytes failed: Only part of a ReadProcessMemory or WriteProcessMemory request was completed. (0x12B)
[0304/231454.086:ERROR:process_memory_win.cc(73)] ReadMemory at 0x2751f22f0a0 of 512 bytes failed: Only part of a ReadProcessMemory or WriteProcessMemory request was completed. (0x12B)
[0304/231454.086:ERROR:process_memory_win.cc(73)] ReadMemory at 0x2751f241070 of 512 bytes failed: Only part of a ReadProcessMemory or WriteProcessMemory request was completed. (0x12B)
[0304/231454.086:ERROR:process_memory_win.cc(73)] ReadMemory at 0x275210f1240 of 512 bytes failed: Only part of a ReadProcessMemory or WriteProcessMemory request was completed. (0x12B)
[0304/231454.086:ERROR:process_memory_win.cc(73)] ReadMemory at 0x275211377d0 of 512 bytes failed: Only part of a ReadProcessMemory or WriteProcessMemory request was completed. (0x12B)
[0304/231454.087:ERROR:process_memory_win.cc(73)] ReadMemory at 0x275214beb58 of 512 bytes failed: Only part of a ReadProcessMemory or WriteProcessMemory request was completed. (0x12B)
[0304/231454.087:ERROR:process_memory_win.cc(73)] ReadMemory at 0x275218643e0 of 512 bytes failed: Only part of a ReadProcessMemory or WriteProcessMemory request was completed. (0x12B)
[0304/231454.327:ERROR:process_memory_win.cc(73)] ReadMemory at 0x2752338d220 of 512 bytes failed: Only part of a ReadProcessMemory or WriteProcessMemory request was completed. (0x12B)
[0304/231454.327:ERROR:process_memory_win.cc(73)] ReadMemory at 0x275236e0fc8 of 512 bytes failed: Only part of a ReadProcessMemory or WriteProcessMemory request was completed. (0x12B)
[0304/231454.328:ERROR:process_memory_win.cc(73)] ReadMemory at 0x275237ba500 of 512 bytes failed: Only part of a ReadProcessMemory or WriteProcessMemory request was completed. (0x12B)
[0304/231454.328:ERROR:process_memory_win.cc(73)] ReadMemory at 0x27523c9b3e0 of 512 bytes failed: Only part of a ReadProcessMemory or WriteProcessMemory request was completed. (0x12B)
[0304/231454.328:ERROR:process_memory_win.cc(73)] ReadMemory at 0x27523dcd4e0 of 512 bytes failed: Only part of a ReadProcessMemory or WriteProcessMemory request was completed. (0x12B)
[0304/231454.328:ERROR:process_memory_win.cc(73)] ReadMemory at 0x27523dd7b80 of 512 bytes failed: Only part of a ReadProcessMemory or WriteProcessMemory request was completed. (0x12B)
[0304/231454.329:ERROR:process_memory_win.cc(73)] ReadMemory at 0x27523deafe0 of 512 bytes failed: Only part of a ReadProcessMemory or WriteProcessMemory request was completed. (0x12B)
[0304/231454.329:ERROR:process_memory_win.cc(73)] ReadMemory at 0x275286b3074 of 512 bytes failed: Only part of a ReadProcessMemory or WriteProcessMemory request was completed. (0x12B)
[0304/231454.329:ERROR:process_memory_win.cc(73)] ReadMemory at 0x49586c77d9e8 of 512 bytes failed: Only part of a ReadProcessMemory or WriteProcessMemory request was completed. (0x12B)
[0304/231454.329:ERROR:process_memory_win.cc(73)] ReadMemory at 0x711a76931f80 of 512 bytes failed: Only part of a ReadProcessMemory or WriteProcessMemory request was completed. (0x12B)
[0304/231454.330:ERROR:process_memory_win.cc(73)] ReadMemory at 0x7ffd9f9c672c of 512 bytes failed: Only part of a ReadProcessMemory or WriteProcessMemory request was completed. (0x12B)
[0304/231454.330:ERROR:process_memory_win.cc(73)] ReadMemory at 0x7ffd9f9d7ac0 of 512 bytes failed: Only part of a ReadProcessMemory or WriteProcessMemory request was completed. (0x12B)
[0304/231454.330:ERROR:process_memory_win.cc(73)] ReadMemory at 0x7ffd9fc276fa of 512 bytes failed: Only part of a ReadProcessMemory or WriteProcessMemory request was completed. (0x12B)
[0304/231454.330:ERROR:process_memory_win.cc(73)] ReadMemory at 0x7ffd9fceb500 of 512 bytes failed: Only part of a ReadProcessMemory or WriteProcessMemory request was completed. (0x12B)
[0304/231454.331:ERROR:process_memory_win.cc(73)] ReadMemory at 0x7ffda3d73680 of 512 bytes failed: Only part of a ReadProcessMemory or WriteProcessMemory request was completed. (0x12B)
[0304/231454.331:ERROR:process_memory_win.cc(73)] ReadMemory at 0x7ffde959e99e of 512 bytes failed: Only part of a ReadProcessMemory or WriteProcessMemory request was completed. (0x12B)
[0304/231454.331:ERROR:process_memory_win.cc(73)] ReadMemory at 0x7ffde959fabe of 512 bytes failed: Only part of a ReadProcessMemory or WriteProcessMemory request was completed. (0x12B)
[0304/231454.331:ERROR:process_memory_win.cc(73)] ReadMemory at 0x7ffe01680b90 of 512 bytes failed: Only part of a ReadProcessMemory or WriteProcessMemory request was completed. (0x12B)
[0304/231454.332:ERROR:process_memory_win.cc(73)] ReadMemory at 0x7ffe03a46270 of 512 bytes failed: Only part of a ReadProcessMemory or WriteProcessMemory request was completed. (0x12B)
[0304/231454.332:ERROR:process_memory_win.cc(73)] ReadMemory at 0x7ffe03a479f0 of 512 bytes failed: Only part of a ReadProcessMemory or WriteProcessMemory request was completed. (0x12B)
[0304/231454.332:ERROR:process_memory_win.cc(73)] ReadMemory at 0x7ffe03a482e0 of 512 bytes failed: Only part of a ReadProcessMemory or WriteProcessMemory request was completed. (0x12B)
[0304/231454.333:ERROR:process_memory_win.cc(73)] ReadMemory at 0x7ffe03a4a0d0 of 512 bytes failed: Only part of a ReadProcessMemory or WriteProcessMemory request was completed. (0x12B)
[0304/231454.333:ERROR:process_memory_win.cc(73)] ReadMemory at 0x7ffe03aba9a4 of 672 bytes failed: Only part of a ReadProcessMemory or WriteProcessMemory request was completed. (0x12B)
[0304/231454.333:ERROR:process_memory_win.cc(73)] ReadMemory at 0x7ffe03abe214 of 608 bytes failed: Only part of a ReadProcessMemory or WriteProcessMemory request was completed. (0x12B)
[0304/231454.333:ERROR:process_memory_win.cc(73)] ReadMemory at 0x7ffe03b401e0 of 18 bytes failed: Only part of a ReadProcessMemory or WriteProcessMemory request was completed. (0x12B)
[0304/231454.334:ERROR:process_memory_win.cc(73)] ReadMemory at 0x7ffe03b765b0 of 40 bytes failed: Only part of a ReadProcessMemory or WriteProcessMemory request was completed. (0x12B)
[0304/231454.334:ERROR:process_memory_win.cc(73)] ReadMemory at 0x7ffe03b76a08 of 48 bytes failed: Only part of a ReadProcessMemory or WriteProcessMemory request was completed. (0x12B)
[0304/231454.334:ERROR:process_memory_win.cc(73)] ReadMemory at 0x7ffe03b7c360 of 64 bytes failed: Only part of a ReadProcessMemory or WriteProcessMemory request was completed. (0x12B)
[0304/231454.620:ERROR:scoped_process_suspend.cc(40)] NtResumeProcess: An attempt was made to access an exiting process. (0xc000010a)
